
Circuit 1 cell sky130_fd_pr__nfet_01v8 and Circuit 2 cell sky130_fd_pr__nfet_01v8 are black boxes.
Warning: Equate pins:  cell sky130_fd_pr__nfet_01v8 is a placeholder, treated as a black box.
Warning: Equate pins:  cell sky130_fd_pr__nfet_01v8 is a placeholder, treated as a black box.

Subcircuit pins:
Circuit 1: sky130_fd_pr__nfet_01v8         |Circuit 2: sky130_fd_pr__nfet_01v8         
-------------------------------------------|-------------------------------------------
1                                          |1                                          
2                                          |2                                          
3                                          |3                                          
4                                          |4                                          
---------------------------------------------------------------------------------------
Cell pin lists are equivalent.
Device classes sky130_fd_pr__nfet_01v8 and sky130_fd_pr__nfet_01v8 are equivalent.

Circuit 1 cell sky130_fd_pr__pfet_01v8 and Circuit 2 cell sky130_fd_pr__pfet_01v8 are black boxes.
Warning: Equate pins:  cell sky130_fd_pr__pfet_01v8 is a placeholder, treated as a black box.
Warning: Equate pins:  cell sky130_fd_pr__pfet_01v8 is a placeholder, treated as a black box.

Subcircuit pins:
Circuit 1: sky130_fd_pr__pfet_01v8         |Circuit 2: sky130_fd_pr__pfet_01v8         
-------------------------------------------|-------------------------------------------
1                                          |1                                          
2                                          |2                                          
3                                          |3                                          
4                                          |4                                          
---------------------------------------------------------------------------------------
Cell pin lists are equivalent.
Device classes sky130_fd_pr__pfet_01v8 and sky130_fd_pr__pfet_01v8 are equivalent.

Subcircuit summary:
Circuit 1: x6T_SRAM_draft                  |Circuit 2: x6T_SRAM_draft                  
-------------------------------------------|-------------------------------------------
sky130_fd_pr__nfet_01v8 (4)                |sky130_fd_pr__nfet_01v8 (4)                
sky130_fd_pr__pfet_01v8 (2)                |sky130_fd_pr__pfet_01v8 (2)                
c (21)                                     |(no matching element)                      
Number of devices: 27 **Mismatch**         |Number of devices: 6 **Mismatch**          
Number of nets: 7                          |Number of nets: 7                          
---------------------------------------------------------------------------------------
NET mismatches: Class fragments follow (with fanout counts):
Circuit 1: x6T_SRAM_draft                  |Circuit 2: x6T_SRAM_draft                  

---------------------------------------------------------------------------------------
Net: qbar                                  |Net: qbar                                  
  sky130_fd_pr__pfet_01v8/(1|3) = 1        |  sky130_fd_pr__pfet_01v8/(1|3) = 1        
  sky130_fd_pr__pfet_01v8/2 = 1            |  sky130_fd_pr__pfet_01v8/2 = 1            
  sky130_fd_pr__nfet_01v8/(1|3) = 2        |  sky130_fd_pr__nfet_01v8/(1|3) = 2        
  sky130_fd_pr__nfet_01v8/2 = 1            |  sky130_fd_pr__nfet_01v8/2 = 1            
  c/top = 2                                |                                           
  c/bottom = 4                             |                                           
                                           |                                           
Net: q                                     |Net: q                                     
  sky130_fd_pr__pfet_01v8/2 = 1            |  sky130_fd_pr__pfet_01v8/2 = 1            
  sky130_fd_pr__pfet_01v8/(1|3) = 1        |  sky130_fd_pr__pfet_01v8/(1|3) = 1        
  sky130_fd_pr__nfet_01v8/2 = 1            |  sky130_fd_pr__nfet_01v8/2 = 1            
  sky130_fd_pr__nfet_01v8/(1|3) = 2        |  sky130_fd_pr__nfet_01v8/(1|3) = 2        
  c/bottom = 3                             |                                           
  c/top = 3                                |                                           
                                           |                                           
Net: vdd                                   |Net: vdd                                   
  sky130_fd_pr__pfet_01v8/(1|3) = 2        |  sky130_fd_pr__pfet_01v8/(1|3) = 2        
  sky130_fd_pr__pfet_01v8/4 = 2            |  sky130_fd_pr__pfet_01v8/4 = 2            
  c/top = 5                                |                                           
  c/bottom = 1                             |                                           
                                           |                                           
Net: gnd                                   |Net: gnd                                   
  sky130_fd_pr__nfet_01v8/(1|3) = 2        |  sky130_fd_pr__nfet_01v8/(1|3) = 2        
  sky130_fd_pr__nfet_01v8/4 = 4            |  sky130_fd_pr__nfet_01v8/4 = 4            
  c/bottom = 6                             |                                           
                                           |                                           
Net: wl                                    |Net: wl                                    
  sky130_fd_pr__nfet_01v8/2 = 2            |  sky130_fd_pr__nfet_01v8/2 = 2            
  c/top = 4                                |                                           
  c/bottom = 2                             |                                           
                                           |                                           
Net: bl                                    |Net: bl                                    
  sky130_fd_pr__nfet_01v8/(1|3) = 1        |  sky130_fd_pr__nfet_01v8/(1|3) = 1        
  c/top = 6                                |                                           
                                           |                                           
Net: blbar                                 |Net: blbar                                 
  sky130_fd_pr__nfet_01v8/(1|3) = 1        |  sky130_fd_pr__nfet_01v8/(1|3) = 1        
  c/bottom = 5                             |                                           
  c/top = 1                                |                                           
---------------------------------------------------------------------------------------
DEVICE mismatches: Class fragments follow (with node fanout counts):
Circuit 1: x6T_SRAM_draft                  |Circuit 2: x6T_SRAM_draft                  

---------------------------------------------------------------------------------------
Instance: c:0                              |(no matching instance)                     
  top = 8                                  |                                           
  bottom = 7                               |                                           
                                           |                                           
Instance: c:1                              |(no matching instance)                     
  top = 11                                 |                                           
  bottom = 7                               |                                           
                                           |                                           
Instance: c:2                              |(no matching instance)                     
  top = 7                                  |                                           
  bottom = 7                               |                                           
                                           |                                           
Instance: c:3                              |(no matching instance)                     
  top = 10                                 |                                           
  bottom = 7                               |                                           
                                           |                                           
Instance: c:4                              |(no matching instance)                     
  top = 8                                  |                                           
  bottom = 11                              |                                           
                                           |                                           
Instance: c:5                              |(no matching instance)                     
  top = 11                                 |                                           
  bottom = 11                              |                                           
                                           |                                           
Instance: c:6                              |(no matching instance)                     
  top = 8                                  |                                           
  bottom = 11                              |                                           
                                           |                                           
Instance: c:7                              |(no matching instance)                     
  top = 7                                  |                                           
  bottom = 11                              |                                           
                                           |                                           
Instance: c:8                              |(no matching instance)                     
  top = 7                                  |                                           
  bottom = 8                               |                                           
                                           |                                           
Instance: c:9                              |(no matching instance)                     
  top = 10                                 |                                           
  bottom = 11                              |                                           
                                           |                                           
Instance: c:10                             |(no matching instance)                     
  top = 10                                 |                                           
  bottom = 8                               |                                           
                                           |                                           
Instance: c:11                             |(no matching instance)                     
  top = 7                                  |                                           
  bottom = 11                              |                                           
                                           |                                           
Instance: c:12                             |(no matching instance)                     
  top = 10                                 |                                           
  bottom = 11                              |                                           
                                           |                                           
Instance: c:13                             |(no matching instance)                     
  top = 7                                  |                                           
  bottom = 10                              |                                           
                                           |                                           
Instance: c:14                             |(no matching instance)                     
  top = 11                                 |                                           
  bottom = 7                               |                                           
                                           |                                           
Instance: c:15                             |(no matching instance)                     
  top = 7                                  |                                           
  bottom = 12                              |                                           
                                           |                                           
Instance: c:16                             |(no matching instance)                     
  top = 7                                  |                                           
  bottom = 12                              |                                           
                                           |                                           
Instance: c:17                             |(no matching instance)                     
  top = 8                                  |                                           
  bottom = 12                              |                                           
                                           |                                           
Instance: c:18                             |(no matching instance)                     
  top = 11                                 |                                           
  bottom = 12                              |                                           
                                           |                                           
Instance: c:19                             |(no matching instance)                     
  top = 11                                 |                                           
  bottom = 12                              |                                           
                                           |                                           
Instance: c:20                             |(no matching instance)                     
  top = 10                                 |                                           
  bottom = 12                              |                                           
---------------------------------------------------------------------------------------
Netlists do not match.
Port matching may fail to disambiguate symmetries.

Subcircuit pins:
Circuit 1: x6T_SRAM_draft                  |Circuit 2: x6T_SRAM_draft                  
-------------------------------------------|-------------------------------------------
qbar                                       |qbar                                       
q                                          |q                                          
gnd                                        |vdd **Mismatch**                           
wl                                         |gnd **Mismatch**                           
bl                                         |wl **Mismatch**                            
blbar                                      |bl **Mismatch**                            
vdd                                        |blbar **Mismatch**                         
---------------------------------------------------------------------------------------
Cell pin lists for x6T_SRAM_draft and x6T_SRAM_draft altered to match.
Device classes x6T_SRAM_draft and x6T_SRAM_draft are equivalent.

Final result: Top level cell failed pin matching.
